<?xml version="1.0" encoding="UTF-8"?>
<!-- Generated by org.testng.reporters.JUnitXMLReporter -->
<testsuite ignored="1" hostname="DESKTOP-OU8PKGM" failures="0" tests="3" name="Data Provider in test" time="65.12" errors="0" timestamp="2024-06-19T18:43:52 CEST">
  <testcase classname="testautomation.eCommerce_E2E_tc2" name="fillForm_PositiveFlow" time="15.392"/>
  <testcase classname="testautomation.eCommerce_E2E_tc2" name="fillForm_PositiveFlow" time="22.586"/>
  <testcase classname="testautomation.eCommerce_E2E_tc2" name="totalAmountMatching" time="19.165"/>
  <testcase classname="testautomation.eCommerce_E2E_tc2" name="fillForm_ErrorValidation" time="0.0">
    <ignored/>
  </testcase> <!-- fillForm_ErrorValidation -->
</testsuite> <!-- Data Provider in test -->
