<?xml version="1.0" encoding="UTF-8"?>
<!-- Generated by org.testng.reporters.JUnitXMLReporter -->
<testsuite ignored="1" hostname="DESKTOP-OU8PKGM" failures="0" tests="3" name="Data Provider in test" time="66.243" errors="0" timestamp="2024-06-19T19:43:21 CEST">
  <testcase classname="testautomation.eCommerce_E2E_tc2" name="fillForm_PositiveFlow" time="16.039"/>
  <testcase classname="testautomation.eCommerce_E2E_tc2" name="fillForm_PositiveFlow" time="23.041"/>
  <testcase classname="testautomation.eCommerce_E2E_tc2" name="totalAmountMatching" time="18.989"/>
  <testcase classname="testautomation.eCommerce_E2E_tc2" name="fillForm_ErrorValidation" time="0.0">
    <ignored/>
  </testcase> <!-- fillForm_ErrorValidation -->
</testsuite> <!-- Data Provider in test -->
