<?xml version="1.0" encoding="UTF-8"?>
<!-- Generated by org.testng.reporters.JUnitXMLReporter -->
<testsuite ignored="2" hostname="DESKTOP-OU8PKGM" failures="0" tests="0" time="0.0" errors="0" timestamp="2024-06-19T19:42:14 CEST">
  <testcase classname="testautomation.eCommerce_tc_1" name="fillForm_ErrorValidation" time="0.0">
    <ignored/>
  </testcase> <!-- fillForm_ErrorValidation -->
  <testcase classname="testautomation.eCommerce_tc_1" name="fillForm_PositiveFlow" time="0.0">
    <ignored/>
  </testcase> <!-- fillForm_PositiveFlow -->
</testsuite>
